-------------------------------------------------------------------------------
Test set: com.ecommerce.ECommerceApp.ECommerceAppApplicationTests
-------------------------------------------------------------------------------
Tests run: 1, Failures: 0, Errors: 1, Skipped: 0, Time elapsed: 2.747 s <<< FAILURE! - in com.ecommerce.ECommerceApp.ECommerceAppApplicationTests
contextLoads  Time elapsed: 0.009 s  <<< ERROR!
java.lang.IllegalStateException: Failed to load ApplicationContext
Caused by: org.springframework.beans.factory.BeanCreationException: Error creating bean with name 'scriptDataSourceInitializer' defined in class path resource [org/springframework/boot/autoconfigure/jdbc/DataSourceInitializationConfiguration$SharedCredentialsDataSourceInitializationConfiguration.class]: Invocation of init method failed; nested exception is org.springframework.jdbc.datasource.init.ScriptStatementFailedException: Failed to execute SQL script statement #21 of URL [file:/C:/Users/andre/OneDrive/Desktop/Enterprise%20App%20Dev/E-Commerce-Project/target/classes/data.sql]: INSERT INTO cart_item (productID, quantity, price) SELECT 1, 2, 19.99 WHERE NOT EXISTS (SELECT 1 FROM cart_item WHERE productID = 1 AND quantity = 2 AND price = 19.99); nested exception is java.sql.SQLException: Field 'ItemID' doesn't have a default value
Caused by: org.springframework.jdbc.datasource.init.ScriptStatementFailedException: Failed to execute SQL script statement #21 of URL [file:/C:/Users/andre/OneDrive/Desktop/Enterprise%20App%20Dev/E-Commerce-Project/target/classes/data.sql]: INSERT INTO cart_item (productID, quantity, price) SELECT 1, 2, 19.99 WHERE NOT EXISTS (SELECT 1 FROM cart_item WHERE productID = 1 AND quantity = 2 AND price = 19.99); nested exception is java.sql.SQLException: Field 'ItemID' doesn't have a default value
Caused by: java.sql.SQLException: Field 'ItemID' doesn't have a default value

